[2024-04-30 10:46:22.716 AM] info: 		Server is running on port 5000
[2024-04-30 10:48:34.915 AM] error: 		401 - Invalid token
[2024-04-30 10:48:35.994 AM] error: 		error in middleware verifyAccount jwt expired
[2024-04-30 10:48:36.001 AM] error: 		error in middleware verifyAccount jwt expired
[2024-04-30 10:48:42.047 AM] error: 		error in middleware verifyAccount jwt expired
[2024-04-30 10:56:44.671 AM] info: 		Server is running on port 5000
[2024-04-30 13:40:48.914 PM] info: 		Server is running on port 5000
[2024-04-30 13:43:16.725 PM] error: 		401 - Invalid token
[2024-04-30 13:45:18.152 PM] info: 		Server is running on port 5000
[2024-04-30 13:45:31.549 PM] info: 		Server is running on port 5000
[2024-04-30 13:45:34.047 PM] info: 		Server is running on port 5000
[2024-04-30 13:48:52.103 PM] info: 		Server is running on port 5000
[2024-04-30 13:48:56.674 PM] info: 		Server is running on port 5000
[2024-04-30 13:53:43.553 PM] info: 		Server is running on port 5000
[2024-04-30 13:54:07.999 PM] info: 		Server is running on port 5000
[2024-04-30 13:54:11.006 PM] info: 		Server is running on port 5000
[2024-04-30 13:56:28.587 PM] info: 		Server is running on port 5000
[2024-04-30 14:01:18.405 PM] info: 		Server is running on port 5000
[2024-04-30 14:05:26.015 PM] info: 		Server is running on port 5000
[2024-04-30 14:05:34.276 PM] info: 		Server is running on port 5000
[2024-04-30 14:20:56.262 PM] info: 		Server is running on port 5000
[2024-04-30 14:23:40.307 PM] info: 		Server is running on port 5000
[2024-04-30 14:24:08.724 PM] info: 		Server is running on port 5000
[2024-04-30 14:24:39.818 PM] info: 		Server is running on port 5000
[2024-04-30 14:25:39.146 PM] info: 		Server is running on port 5000
[2024-04-30 14:26:04.229 PM] info: 		Server is running on port 5000
[2024-04-30 14:27:51.048 PM] info: 		Server is running on port 5000
[2024-04-30 14:28:01.060 PM] info: 		Server is running on port 5000
[2024-04-30 14:29:17.357 PM] info: 		Server is running on port 5000
[2024-04-30 14:33:53.204 PM] info: 		Server is running on port 5000
[2024-04-30 14:34:41.003 PM] info: 		Server is running on port 5000
[2024-04-30 14:37:12.655 PM] info: 		Server is running on port 5000
[2024-04-30 14:38:34.530 PM] info: 		Server is running on port 5000
[2024-04-30 14:41:54.114 PM] info: 		Server is running on port 5000
[2024-04-30 14:46:58.784 PM] info: 		Server is running on port 5000
[2024-04-30 14:47:28.615 PM] info: 		Server is running on port 5000
[2024-04-30 14:48:35.507 PM] info: 		Server is running on port 5000
[2024-04-30 14:48:43.168 PM] info: 		Server is running on port 5000
[2024-04-30 14:50:11.115 PM] info: 		Server is running on port 5000
[2024-04-30 14:51:50.126 PM] info: 		Server is running on port 5000
[2024-04-30 14:55:20.576 PM] info: 		Server is running on port 5000
[2024-04-30 14:55:55.263 PM] info: 		Server is running on port 5000
[2024-04-30 14:56:13.489 PM] info: 		Server is running on port 5000
[2024-04-30 14:56:48.123 PM] info: 		Server is running on port 5000
[2024-04-30 14:57:05.808 PM] info: 		Server is running on port 5000
[2024-04-30 14:57:29.817 PM] info: 		Server is running on port 5000
