[2024-05-08 10:45:48.978 AM] info: 		Server is running on port 5000
[2024-05-08 10:56:08.402 AM] error: 		403 - No token, authorization denied
[2024-05-08 10:56:08.435 AM] error: 		403 - No token, authorization denied
[2024-05-08 10:56:35.617 AM] error: 		403 - No token, authorization denied
[2024-05-08 10:56:35.631 AM] error: 		403 - No token, authorization denied
[2024-05-08 10:56:40.498 AM] error: 		403 - No token, authorization denied
[2024-05-08 10:56:40.504 AM] error: 		403 - No token, authorization denied
[2024-05-08 11:20:54.077 AM] info: 		Server is running on port 5000
[2024-05-08 11:38:43.974 AM] info: 		Server is running on port 5000
[2024-05-08 11:44:14.972 AM] error: 		403 - No token, authorization denied
[2024-05-08 11:44:14.984 AM] error: 		403 - No token, authorization denied
[2024-05-08 11:44:15.038 AM] error: 		403 - No token, authorization denied
[2024-05-08 11:44:15.042 AM] error: 		403 - No token, authorization denied
[2024-05-08 11:44:20.019 AM] error: 		403 - No token, authorization denied
[2024-05-08 11:44:20.030 AM] error: 		403 - No token, authorization denied
[2024-05-08 11:57:53.496 AM] error: 		403 - No token, authorization denied
[2024-05-08 11:57:53.535 AM] error: 		403 - No token, authorization denied
[2024-05-08 11:57:53.736 AM] error: 		403 - No token, authorization denied
[2024-05-08 11:57:53.754 AM] error: 		403 - No token, authorization denied
[2024-05-08 12:24:25.873 PM] info: 		Server is running on port 5000
[2024-05-08 12:24:34.023 PM] info: 		Server is running on port 5000
[2024-05-08 12:29:34.760 PM] error: 		403 - No token, authorization denied
[2024-05-08 12:29:34.772 PM] error: 		403 - No token, authorization denied
[2024-05-08 12:29:34.852 PM] error: 		403 - No token, authorization denied
[2024-05-08 12:29:34.857 PM] error: 		403 - No token, authorization denied
[2024-05-08 12:54:06.659 PM] error: 		401 - Invalid token
[2024-05-08 12:54:06.765 PM] error: 		error in middleware verifyAccount jwt expired
[2024-05-08 12:54:06.774 PM] error: 		error in middleware verifyAccount jwt expired
[2024-05-08 12:54:31.316 PM] error: 		error in middleware verifyAccount jwt expired
[2024-05-08 13:08:34.728 PM] info: 		Server is running on port 5000
[2024-05-08 13:14:32.226 PM] info: 		Server is running on port 5000
[2024-05-08 13:33:15.750 PM] info: 		Server is running on port 5000
[2024-05-08 13:36:00.307 PM] error: 		error in middleware verifyAccount jwt expired
[2024-05-08 13:36:00.320 PM] error: 		error in middleware verifyAccount jwt expired
[2024-05-08 13:36:04.397 PM] error: 		401 - Invalid token
[2024-05-08 13:36:04.402 PM] error: 		401 - Invalid token
[2024-05-08 13:36:04.407 PM] error: 		401 - Invalid token
[2024-05-08 13:36:05.898 PM] error: 		error in middleware verifyAccount jwt expired
[2024-05-08 13:36:05.904 PM] error: 		error in middleware verifyAccount jwt expired
[2024-05-08 13:36:05.916 PM] error: 		error in middleware verifyAccount jwt expired
[2024-05-08 13:36:05.930 PM] error: 		error in middleware verifyAccount jwt expired
[2024-05-08 13:36:05.941 PM] error: 		error in middleware verifyAccount jwt expired
[2024-05-08 13:36:05.948 PM] error: 		error in middleware verifyAccount jwt expired
[2024-05-08 13:36:15.018 PM] error: 		error in middleware verifyAccount jwt expired
[2024-05-08 13:36:15.024 PM] error: 		error in middleware verifyAccount jwt expired
[2024-05-08 13:36:15.188 PM] error: 		error in middleware verifyAccount jwt expired
[2024-05-08 13:36:15.198 PM] error: 		error in middleware verifyAccount jwt expired
[2024-05-08 13:40:57.313 PM] info: 		Server is running on port 5000
[2024-05-08 13:41:14.929 PM] info: 		Server is running on port 5000
[2024-05-08 13:43:24.418 PM] info: 		Server is running on port 5000
[2024-05-08 13:47:35.406 PM] info: 		Server is running on port 5000
[2024-05-08 13:50:07.286 PM] error: 		403 - No token, authorization denied
[2024-05-08 13:50:07.298 PM] error: 		403 - No token, authorization denied
[2024-05-08 13:50:07.396 PM] error: 		403 - No token, authorization denied
[2024-05-08 13:50:07.399 PM] error: 		403 - No token, authorization denied
[2024-05-08 14:08:42.233 PM] error: 		error in middleware verifyAccount jwt expired
[2024-05-08 14:08:49.226 PM] error: 		error in middleware verifyAccount jwt expired
[2024-05-08 14:08:49.231 PM] error: 		error in middleware verifyAccount jwt expired
[2024-05-08 14:08:54.226 PM] error: 		error in middleware verifyAccount jwt expired
[2024-05-08 14:08:54.234 PM] error: 		error in middleware verifyAccount jwt expired
[2024-05-08 14:08:57.226 PM] error: 		error in middleware verifyAccount jwt expired
[2024-05-08 14:08:57.231 PM] error: 		error in middleware verifyAccount jwt expired
[2024-05-08 14:10:38.221 PM] error: 		error in middleware verifyAccount jwt expired
[2024-05-08 14:10:38.240 PM] error: 		error in middleware verifyAccount jwt expired
[2024-05-08 14:15:05.506 PM] info: 		Server is running on port 5000
[2024-05-08 14:15:32.714 PM] error: 		error in middleware verifyAccount jwt expired
[2024-05-08 14:15:32.729 PM] error: 		error in middleware verifyAccount jwt expired
[2024-05-08 14:15:32.736 PM] error: 		error in middleware verifyAccount jwt expired
[2024-05-08 14:15:32.745 PM] error: 		error in middleware verifyAccount jwt expired
[2024-05-08 14:15:32.751 PM] error: 		error in middleware verifyAccount jwt expired
[2024-05-08 14:15:32.758 PM] error: 		error in middleware verifyAccount jwt expired
[2024-05-08 14:15:32.768 PM] error: 		error in middleware verifyAccount jwt expired
[2024-05-08 14:15:32.781 PM] error: 		error in middleware verifyAccount jwt expired
[2024-05-08 14:15:32.804 PM] error: 		error in middleware verifyAccount jwt expired
[2024-05-08 14:15:32.822 PM] error: 		error in middleware verifyAccount jwt expired
[2024-05-08 14:17:43.418 PM] info: 		Server is running on port 5000
[2024-05-08 14:19:52.460 PM] info: 		Server is running on port 5000
[2024-05-08 14:27:49.568 PM] error: 		error in middleware verifyAccount jwt expired
[2024-05-08 14:27:49.588 PM] error: 		error in middleware verifyAccount jwt expired
[2024-05-08 14:27:49.598 PM] error: 		error in middleware verifyAccount jwt expired
[2024-05-08 14:27:49.603 PM] error: 		error in middleware verifyAccount jwt expired
[2024-05-08 14:27:49.611 PM] error: 		error in middleware verifyAccount jwt expired
[2024-05-08 14:27:49.617 PM] error: 		error in middleware verifyAccount jwt expired
[2024-05-08 14:27:49.624 PM] error: 		error in middleware verifyAccount jwt expired
[2024-05-08 14:27:49.633 PM] error: 		error in middleware verifyAccount jwt expired
[2024-05-08 14:27:49.638 PM] error: 		error in middleware verifyAccount jwt expired
[2024-05-08 14:27:49.648 PM] error: 		error in middleware verifyAccount jwt expired
[2024-05-08 14:30:40.224 PM] error: 		error in middleware verifyAccount jwt expired
[2024-05-08 14:30:40.231 PM] error: 		error in middleware verifyAccount jwt expired
[2024-05-08 14:30:40.239 PM] error: 		error in middleware verifyAccount jwt expired
[2024-05-08 14:30:40.246 PM] error: 		error in middleware verifyAccount jwt expired
[2024-05-08 14:30:40.257 PM] error: 		error in middleware verifyAccount jwt expired
[2024-05-08 14:30:40.273 PM] error: 		error in middleware verifyAccount jwt expired
[2024-05-08 14:30:40.281 PM] error: 		error in middleware verifyAccount jwt expired
[2024-05-08 14:30:40.288 PM] error: 		error in middleware verifyAccount jwt expired
[2024-05-08 14:30:40.294 PM] error: 		error in middleware verifyAccount jwt expired
[2024-05-08 14:30:40.302 PM] error: 		error in middleware verifyAccount jwt expired
[2024-05-08 14:31:00.447 PM] error: 		error in middleware verifyAccount jwt expired
[2024-05-08 14:31:00.453 PM] error: 		error in middleware verifyAccount jwt expired
[2024-05-08 14:31:00.459 PM] error: 		error in middleware verifyAccount jwt expired
[2024-05-08 14:31:00.463 PM] error: 		error in middleware verifyAccount jwt expired
[2024-05-08 14:31:00.470 PM] error: 		error in middleware verifyAccount jwt expired
[2024-05-08 14:31:00.473 PM] error: 		error in middleware verifyAccount jwt expired
[2024-05-08 14:31:00.476 PM] error: 		error in middleware verifyAccount jwt expired
[2024-05-08 14:31:00.483 PM] error: 		error in middleware verifyAccount jwt expired
[2024-05-08 14:31:00.493 PM] error: 		error in middleware verifyAccount jwt expired
[2024-05-08 14:31:00.506 PM] error: 		error in middleware verifyAccount jwt expired
[2024-05-08 14:34:13.683 PM] error: 		error in middleware verifyAccount jwt expired
[2024-05-08 14:34:13.691 PM] error: 		error in middleware verifyAccount jwt expired
[2024-05-08 14:34:13.696 PM] error: 		error in middleware verifyAccount jwt expired
[2024-05-08 14:34:13.701 PM] error: 		error in middleware verifyAccount jwt expired
[2024-05-08 14:34:13.709 PM] error: 		error in middleware verifyAccount jwt expired
[2024-05-08 14:34:13.715 PM] error: 		error in middleware verifyAccount jwt expired
[2024-05-08 14:34:13.724 PM] error: 		error in middleware verifyAccount jwt expired
[2024-05-08 14:34:13.730 PM] error: 		error in middleware verifyAccount jwt expired
[2024-05-08 14:34:13.740 PM] error: 		error in middleware verifyAccount jwt expired
[2024-05-08 14:34:13.745 PM] error: 		error in middleware verifyAccount jwt expired
[2024-05-08 14:34:18.205 PM] error: 		error in middleware verifyAccount jwt expired
[2024-05-08 14:34:18.211 PM] error: 		error in middleware verifyAccount jwt expired
[2024-05-08 14:34:18.219 PM] error: 		error in middleware verifyAccount jwt expired
[2024-05-08 14:34:18.223 PM] error: 		error in middleware verifyAccount jwt expired
[2024-05-08 14:34:18.231 PM] error: 		error in middleware verifyAccount jwt expired
[2024-05-08 14:34:18.238 PM] error: 		error in middleware verifyAccount jwt expired
[2024-05-08 14:34:18.244 PM] error: 		error in middleware verifyAccount jwt expired
[2024-05-08 14:34:18.252 PM] error: 		error in middleware verifyAccount jwt expired
[2024-05-08 14:34:18.257 PM] error: 		error in middleware verifyAccount jwt expired
[2024-05-08 14:34:18.263 PM] error: 		error in middleware verifyAccount jwt expired
[2024-05-08 14:34:37.994 PM] error: 		error in middleware verifyAccount jwt expired
[2024-05-08 14:34:38.004 PM] error: 		error in middleware verifyAccount jwt expired
[2024-05-08 14:34:38.012 PM] error: 		error in middleware verifyAccount jwt expired
[2024-05-08 14:34:38.020 PM] error: 		error in middleware verifyAccount jwt expired
[2024-05-08 14:34:38.025 PM] error: 		error in middleware verifyAccount jwt expired
[2024-05-08 14:34:38.035 PM] error: 		error in middleware verifyAccount jwt expired
[2024-05-08 14:34:38.042 PM] error: 		error in middleware verifyAccount jwt expired
[2024-05-08 14:34:38.052 PM] error: 		error in middleware verifyAccount jwt expired
[2024-05-08 14:34:38.058 PM] error: 		error in middleware verifyAccount jwt expired
[2024-05-08 14:34:38.067 PM] error: 		error in middleware verifyAccount jwt expired
[2024-05-08 14:35:05.283 PM] error: 		error in middleware verifyAccount jwt expired
[2024-05-08 14:35:05.295 PM] error: 		error in middleware verifyAccount jwt expired
[2024-05-08 14:35:05.301 PM] error: 		error in middleware verifyAccount jwt expired
[2024-05-08 14:35:05.312 PM] error: 		error in middleware verifyAccount jwt expired
[2024-05-08 14:35:05.324 PM] error: 		error in middleware verifyAccount jwt expired
[2024-05-08 14:35:05.332 PM] error: 		error in middleware verifyAccount jwt expired
[2024-05-08 14:35:05.345 PM] error: 		error in middleware verifyAccount jwt expired
[2024-05-08 14:35:05.351 PM] error: 		error in middleware verifyAccount jwt expired
[2024-05-08 14:35:05.362 PM] error: 		error in middleware verifyAccount jwt expired
[2024-05-08 14:35:05.375 PM] error: 		error in middleware verifyAccount jwt expired
[2024-05-08 14:50:40.000 PM] error: 		error in middleware verifyAccount jwt expired
[2024-05-08 14:50:40.011 PM] error: 		error in middleware verifyAccount jwt expired
[2024-05-08 14:50:46.712 PM] error: 		error in middleware verifyAccount jwt expired
[2024-05-08 14:50:46.716 PM] error: 		error in middleware verifyAccount jwt expired
[2024-05-08 14:50:46.770 PM] error: 		error in middleware verifyAccount jwt expired
[2024-05-08 14:50:46.779 PM] error: 		error in middleware verifyAccount jwt expired
[2024-05-08 14:52:55.468 PM] error: 		error in middleware verifyAccount jwt expired
[2024-05-08 14:52:55.474 PM] error: 		error in middleware verifyAccount jwt expired
[2024-05-08 14:52:55.487 PM] error: 		error in middleware verifyAccount jwt expired
[2024-05-08 14:52:55.495 PM] error: 		error in middleware verifyAccount jwt expired
[2024-05-08 14:52:55.499 PM] error: 		error in middleware verifyAccount jwt expired
[2024-05-08 14:52:55.503 PM] error: 		error in middleware verifyAccount jwt expired
[2024-05-08 14:52:55.512 PM] error: 		error in middleware verifyAccount jwt expired
[2024-05-08 14:52:55.531 PM] error: 		error in middleware verifyAccount jwt expired
[2024-05-08 14:53:16.276 PM] error: 		error in middleware verifyAccount jwt expired
[2024-05-08 14:53:16.281 PM] error: 		error in middleware verifyAccount jwt expired
[2024-05-08 14:53:16.287 PM] error: 		error in middleware verifyAccount jwt expired
[2024-05-08 14:53:16.293 PM] error: 		error in middleware verifyAccount jwt expired
[2024-05-08 15:31:13.120 PM] error: 		error in middleware verifyAccount jwt expired
[2024-05-08 15:31:13.140 PM] error: 		error in middleware verifyAccount jwt expired
[2024-05-08 15:31:13.157 PM] error: 		error in middleware verifyAccount jwt expired
[2024-05-08 15:31:13.207 PM] error: 		error in middleware verifyAccount jwt expired
[2024-05-08 15:31:13.227 PM] error: 		error in middleware verifyAccount jwt expired
[2024-05-08 15:31:13.247 PM] error: 		error in middleware verifyAccount jwt expired
[2024-05-08 15:31:13.273 PM] error: 		error in middleware verifyAccount jwt expired
[2024-05-08 15:31:13.296 PM] error: 		error in middleware verifyAccount jwt expired
[2024-05-08 15:31:13.310 PM] error: 		error in middleware verifyAccount jwt expired
[2024-05-08 15:31:13.327 PM] error: 		error in middleware verifyAccount jwt expired
[2024-05-08 15:31:13.339 PM] error: 		error in middleware verifyAccount jwt expired
[2024-05-08 15:31:13.347 PM] error: 		error in middleware verifyAccount jwt expired
[2024-05-08 15:31:13.355 PM] error: 		error in middleware verifyAccount jwt expired
[2024-05-08 15:31:13.369 PM] error: 		error in middleware verifyAccount jwt expired
[2024-05-08 15:31:53.884 PM] error: 		error in middleware verifyAccount jwt expired
[2024-05-08 15:31:53.890 PM] error: 		error in middleware verifyAccount jwt expired
[2024-05-08 15:31:53.914 PM] error: 		error in middleware verifyAccount jwt expired
[2024-05-08 15:31:53.921 PM] error: 		error in middleware verifyAccount jwt expired
[2024-05-08 15:31:53.924 PM] error: 		error in middleware verifyAccount jwt expired
[2024-05-08 15:31:53.929 PM] error: 		error in middleware verifyAccount jwt expired
[2024-05-08 15:31:53.933 PM] error: 		error in middleware verifyAccount jwt expired
[2024-05-08 15:31:53.952 PM] error: 		error in middleware verifyAccount jwt expired
[2024-05-08 15:31:53.956 PM] error: 		error in middleware verifyAccount jwt expired
[2024-05-08 15:31:53.963 PM] error: 		error in middleware verifyAccount jwt expired
[2024-05-08 15:31:53.968 PM] error: 		error in middleware verifyAccount jwt expired
[2024-05-08 15:31:53.983 PM] error: 		error in middleware verifyAccount jwt expired
[2024-05-08 15:31:53.992 PM] error: 		error in middleware verifyAccount jwt expired
[2024-05-08 15:31:54.007 PM] error: 		error in middleware verifyAccount jwt expired
