[2024-05-04 00:02:55.043 AM] info: 		Server is running on port 5000
[2024-05-04 00:03:13.564 AM] info: 		Server is running on port 5000
[2024-05-04 00:04:37.674 AM] info: 		Server is running on port 5000
[2024-05-04 00:04:44.860 AM] info: 		Server is running on port 5000
[2024-05-04 00:06:43.112 AM] info: 		Server is running on port 5000
[2024-05-04 00:08:50.362 AM] info: 		Server is running on port 5000
[2024-05-04 11:56:23.543 AM] info: 		Server is running on port 5000
[2024-05-04 11:59:49.661 AM] error: 		401 - Invalid token
[2024-05-04 12:02:05.499 PM] info: 		Server is running on port 5000
[2024-05-04 12:02:23.434 PM] info: 		Server is running on port 5000
[2024-05-04 12:06:05.100 PM] info: 		Server is running on port 5000
[2024-05-04 12:06:15.953 PM] info: 		Server is running on port 5000
[2024-05-04 12:06:21.442 PM] info: 		Server is running on port 5000
[2024-05-04 12:07:23.994 PM] info: 		Server is running on port 5000
[2024-05-04 12:07:36.481 PM] info: 		Server is running on port 5000
[2024-05-04 12:45:13.106 PM] info: 		Server is running on port 5000
[2024-05-04 12:59:58.625 PM] error: 		401 - Invalid token
[2024-05-04 14:12:45.436 PM] info: 		Server is running on port 5000
[2024-05-04 14:14:36.736 PM] error: 		401 - Invalid token
[2024-05-04 14:15:24.930 PM] error: 		403 - No token, authorization denied
[2024-05-04 14:15:24.940 PM] error: 		403 - No token, authorization denied
[2024-05-04 14:15:25.310 PM] error: 		403 - No token, authorization denied
[2024-05-04 14:15:25.325 PM] error: 		403 - No token, authorization denied
[2024-05-04 14:15:32.925 PM] error: 		403 - No token, authorization denied
[2024-05-04 14:15:32.932 PM] error: 		403 - No token, authorization denied
[2024-05-04 14:15:32.940 PM] error: 		403 - No token, authorization denied
[2024-05-04 14:18:27.189 PM] info: 		Server is running on port 5000
[2024-05-04 14:18:27.886 PM] error: 		403 - No token, authorization denied
[2024-05-04 14:18:27.924 PM] error: 		403 - No token, authorization denied
[2024-05-04 20:08:31.207 PM] info: 		Server is running on port 5000
[2024-05-04 20:13:33.957 PM] error: 		401 - Invalid token
[2024-05-04 20:13:35.125 PM] error: 		error in middleware verifyAccount jwt expired
[2024-05-04 20:13:35.135 PM] error: 		error in middleware verifyAccount jwt expired
[2024-05-04 20:13:37.907 PM] error: 		error in middleware verifyAccount jwt expired
[2024-05-04 20:19:48.507 PM] error: 		403 - No token, authorization denied
[2024-05-04 20:19:48.549 PM] error: 		403 - No token, authorization denied
[2024-05-04 20:19:48.945 PM] error: 		403 - No token, authorization denied
[2024-05-04 20:19:48.952 PM] error: 		403 - No token, authorization denied
[2024-05-04 20:38:49.319 PM] info: 		Server is running on port 5000
[2024-05-04 20:42:40.584 PM] error: 		403 - No token, authorization denied
[2024-05-04 20:42:40.647 PM] error: 		403 - No token, authorization denied
[2024-05-04 20:42:40.902 PM] error: 		403 - No token, authorization denied
[2024-05-04 20:42:40.945 PM] error: 		403 - No token, authorization denied
[2024-05-04 21:02:13.168 PM] info: 		Server is running on port 5000
[2024-05-04 21:02:31.865 PM] info: 		Server is running on port 5000
[2024-05-04 21:02:50.187 PM] info: 		Server is running on port 5000
[2024-05-04 21:03:04.796 PM] error: 		error in middleware verifyAccount decodetoken is not defined
[2024-05-04 21:03:04.906 PM] error: 		error in middleware verifyAccount decodetoken is not defined
[2024-05-04 21:03:05.143 PM] error: 		error in middleware verifyAccount decodetoken is not defined
[2024-05-04 21:03:05.174 PM] error: 		error in middleware verifyAccount decodetoken is not defined
[2024-05-04 21:03:28.145 PM] error: 		error in middleware verifyAccount decodetoken is not defined
[2024-05-04 21:03:28.152 PM] error: 		error in middleware verifyAccount decodetoken is not defined
[2024-05-04 21:03:28.180 PM] error: 		error in middleware verifyAccount decodetoken is not defined
[2024-05-04 21:03:28.186 PM] error: 		error in middleware verifyAccount decodetoken is not defined
[2024-05-04 21:03:44.962 PM] info: 		Server is running on port 5000
[2024-05-04 21:03:51.285 PM] info: 		Server is running on port 5000
[2024-05-04 21:03:59.899 PM] info: 		Server is running on port 5000
[2024-05-04 21:04:31.683 PM] info: 		Server is running on port 5000
[2024-05-04 21:04:46.847 PM] info: 		Server is running on port 5000
[2024-05-04 21:04:54.873 PM] error: 		error in middleware verifyAccount getinfoGroupbyId is not defined
[2024-05-04 21:04:55.228 PM] error: 		error in middleware verifyAccount getinfoGroupbyId is not defined
[2024-05-04 21:05:25.698 PM] info: 		Server is running on port 5000
[2024-05-04 21:05:32.022 PM] error: 		error in middleware verifyAccount Group is not defined
[2024-05-04 21:05:32.157 PM] error: 		error in middleware verifyAccount Group is not defined
[2024-05-04 21:05:46.245 PM] error: 		error in middleware verifyAccount Group is not defined
[2024-05-04 21:05:46.284 PM] error: 		error in middleware verifyAccount Group is not defined
[2024-05-04 21:05:46.311 PM] error: 		error in middleware verifyAccount Group is not defined
[2024-05-04 21:05:46.335 PM] error: 		error in middleware verifyAccount Group is not defined
[2024-05-04 21:06:15.203 PM] error: 		403 - No token, authorization denied
[2024-05-04 21:06:15.212 PM] error: 		403 - No token, authorization denied
[2024-05-04 21:06:33.745 PM] error: 		error in middleware verifyAccount Group is not defined
[2024-05-04 21:06:33.791 PM] error: 		error in middleware verifyAccount Group is not defined
[2024-05-04 21:06:33.822 PM] error: 		error in middleware verifyAccount Group is not defined
[2024-05-04 21:06:33.847 PM] error: 		error in middleware verifyAccount Group is not defined
[2024-05-04 21:06:48.621 PM] info: 		Server is running on port 5000
[2024-05-04 21:07:18.686 PM] info: 		Server is running on port 5000
[2024-05-04 21:07:40.330 PM] info: 		Server is running on port 5000
[2024-05-04 21:07:49.602 PM] info: 		Server is running on port 5000
[2024-05-04 21:08:23.382 PM] info: 		Server is running on port 5000
[2024-05-04 21:11:44.857 PM] info: 		Server is running on port 5000
[2024-05-04 21:13:23.326 PM] info: 		Server is running on port 5000
[2024-05-04 21:13:40.829 PM] info: 		Server is running on port 5000
[2024-05-04 21:14:32.772 PM] info: 		Server is running on port 5000
[2024-05-04 21:14:44.898 PM] info: 		Server is running on port 5000
[2024-05-04 21:14:50.151 PM] info: 		Server is running on port 5000
[2024-05-04 21:15:09.322 PM] info: 		Server is running on port 5000
[2024-05-04 21:15:26.354 PM] info: 		Server is running on port 5000
[2024-05-04 21:17:30.636 PM] info: 		Server is running on port 5000
[2024-05-04 21:18:15.318 PM] info: 		Server is running on port 5000
[2024-05-04 21:22:23.474 PM] info: 		Server is running on port 5000
[2024-05-04 21:38:46.510 PM] info: 		Server is running on port 5000
[2024-05-04 21:39:54.319 PM] error: 		403 - No token, authorization denied
[2024-05-04 21:39:54.336 PM] error: 		403 - No token, authorization denied
[2024-05-04 21:39:54.415 PM] error: 		403 - No token, authorization denied
[2024-05-04 21:39:54.421 PM] error: 		403 - No token, authorization denied
[2024-05-04 21:40:13.675 PM] error: 		403 - No token, authorization denied
[2024-05-04 21:40:13.687 PM] error: 		403 - No token, authorization denied
[2024-05-04 21:41:53.280 PM] info: 		Server is running on port 5000
[2024-05-04 21:42:17.762 PM] info: 		Server is running on port 5000
