[2024-04-27 10:51:14.236 AM] info: 		Server is running on port 5000
[2024-04-27 10:54:10.403 AM] error: 		jwt expired
[2024-04-27 10:54:11.178 AM] error: 		jwt expired
[2024-04-27 10:54:11.216 AM] error: 		jwt expired
[2024-04-27 10:54:18.766 AM] error: 		jwt expired
[2024-04-27 13:06:56.413 PM] info: 		Server is running on port 5000
[2024-04-27 13:08:13.942 PM] error: 		jwt expired
[2024-04-27 13:08:14.726 PM] error: 		jwt expired
[2024-04-27 13:08:14.753 PM] error: 		jwt expired
[2024-04-27 13:08:27.829 PM] error: 		jwt expired
[2024-04-27 20:51:52.181 PM] info: 		Server is running on port 5000
[2024-04-27 21:04:20.051 PM] error: 		jwt expired
[2024-04-27 21:04:20.690 PM] error: 		jwt expired
[2024-04-27 21:04:20.714 PM] error: 		jwt expired
[2024-04-27 21:04:37.722 PM] error: 		jwt expired
[2024-04-27 22:05:01.609 PM] error: 		jwt expired
[2024-04-27 22:05:01.634 PM] error: 		jwt expired
[2024-04-27 22:05:01.640 PM] error: 		jwt expired
[2024-04-27 22:05:06.626 PM] error: 		jwt expired
[2024-04-27 22:05:11.171 PM] error: 		jwt expired
[2024-04-27 22:05:11.188 PM] error: 		jwt expired
[2024-04-27 22:05:11.194 PM] error: 		jwt expired
[2024-04-27 22:05:57.028 PM] error: 		jwt expired
[2024-04-27 22:30:56.839 PM] info: 		Server is running on port 5000
[2024-04-27 22:57:58.181 PM] info: 		Server is running on port 5000
[2024-04-27 23:02:57.138 PM] info: 		Server is running on port 5000
[2024-04-27 23:04:23.112 PM] error: 		jwt expired
[2024-04-27 23:04:23.124 PM] error: 		jwt expired
[2024-04-27 23:04:23.130 PM] error: 		jwt expired
[2024-04-27 23:04:25.920 PM] error: 		jwt expired
[2024-04-27 23:13:05.149 PM] error: 		jwt expired
[2024-04-27 23:13:05.191 PM] error: 		jwt expired
[2024-04-27 23:13:05.216 PM] error: 		jwt expired
[2024-04-27 23:13:14.043 PM] error: 		jwt expired
[2024-04-27 23:13:36.082 PM] error: 		jwt expired
[2024-04-27 23:17:21.520 PM] error: 		jwt expired
[2024-04-27 23:17:21.553 PM] error: 		jwt expired
[2024-04-27 23:17:21.631 PM] error: 		jwt expired
[2024-04-27 23:17:51.994 PM] error: 		jwt expired
[2024-04-27 23:18:12.357 PM] info: 		Server is running on port 5000
[2024-04-27 23:23:17.098 PM] error: 		jwt expired
[2024-04-27 23:23:17.134 PM] error: 		jwt expired
[2024-04-27 23:23:17.159 PM] error: 		jwt expired
[2024-04-27 23:30:36.080 PM] error: 		jwt expired
[2024-04-27 23:30:36.091 PM] error: 		jwt expired
[2024-04-27 23:30:36.097 PM] error: 		jwt expired
[2024-04-27 23:30:36.104 PM] error: 		jwt expired
[2024-04-27 23:30:36.114 PM] error: 		jwt expired
[2024-04-27 23:30:36.138 PM] error: 		jwt expired
[2024-04-27 23:30:36.230 PM] error: 		jwt expired
[2024-04-27 23:30:36.252 PM] error: 		jwt expired
[2024-04-27 23:30:38.827 PM] error: 		jwt expired
[2024-04-27 23:30:38.831 PM] error: 		jwt expired
[2024-04-27 23:30:38.945 PM] error: 		jwt expired
[2024-04-27 23:30:38.956 PM] error: 		jwt expired
[2024-04-27 23:30:38.970 PM] error: 		jwt expired
[2024-04-27 23:30:39.047 PM] error: 		jwt expired
[2024-04-27 23:30:39.079 PM] error: 		jwt expired
[2024-04-27 23:30:39.213 PM] error: 		jwt expired
[2024-04-27 23:30:55.689 PM] error: 		jwt expired
[2024-04-27 23:30:56.280 PM] error: 		jwt expired
[2024-04-27 23:30:56.296 PM] error: 		jwt expired
[2024-04-27 23:31:03.457 PM] error: 		jwt expired
[2024-04-27 23:33:26.654 PM] error: 		jwt expired
[2024-04-27 23:33:33.457 PM] error: 		jwt expired
[2024-04-27 23:33:35.682 PM] error: 		jwt expired
[2024-04-27 23:33:38.931 PM] error: 		jwt expired
[2024-04-27 23:33:41.016 PM] error: 		jwt expired
[2024-04-27 23:34:38.607 PM] info: 		Server is running on port 5000
[2024-04-27 23:34:59.956 PM] error: 		jwt expired
[2024-04-27 23:35:00.582 PM] error: 		jwt expired
[2024-04-27 23:35:00.681 PM] error: 		jwt expired
[2024-04-27 23:39:00.482 PM] info: 		Server is running on port 5000
[2024-04-27 23:39:06.094 PM] info: 		Server is running on port 5000
[2024-04-27 23:39:09.565 PM] info: 		Server is running on port 5000
[2024-04-27 23:39:24.911 PM] info: 		Server is running on port 5000
[2024-04-27 23:39:30.595 PM] error: 		error in error verifyAccountjwt expired
[2024-04-27 23:42:38.690 PM] info: 		Server is running on port 5000
[2024-04-27 23:53:29.516 PM] error: 		error in error verifyAccount jwt expired
[2024-04-27 23:53:29.573 PM] error: 		error in error verifyAccount jwt expired
[2024-04-27 23:53:29.612 PM] error: 		error in error verifyAccount jwt expired
